Analysis & Synthesis report for g44_7_segment_decoder
Fri Apr 07 20:16:36 2023
Quartus Prime Version 18.0.0 Build 614 04/24/2018 SJ Lite Edition


---------------------
; Table of Contents ;
---------------------
  1. Legal Notice
  2. Analysis & Synthesis Summary
  3. Analysis & Synthesis Settings
  4. Parallel Compilation
  5. Analysis & Synthesis Source Files Read
  6. Analysis & Synthesis Resource Usage Summary
  7. Analysis & Synthesis Resource Utilization by Entity
  8. Analysis & Synthesis DSP Block Usage Summary
  9. Registers Removed During Synthesis
 10. General Register Statistics
 11. Multiplexer Restructuring Statistics (Restructuring Performed)
 12. Parameter Settings for User Entity Instance: bin2bcd:conversion
 13. Port Connectivity Checks: "g44_7_segment_decoder:decoder0"
 14. Port Connectivity Checks: "g44_7_segment_decoder:decoder1"
 15. Port Connectivity Checks: "g44_7_segment_decoder:decoder2"
 16. Port Connectivity Checks: "bin2bcd:conversion"
 17. Post-Synthesis Netlist Statistics for Top Partition
 18. Elapsed Time Per Partition
 19. Analysis & Synthesis Messages



----------------
; Legal Notice ;
----------------
Copyright (C) 2018  Intel Corporation. All rights reserved.
Your use of Intel Corporation's design tools, logic functions 
and other software and tools, and its AMPP partner logic 
functions, and any output files from any of the foregoing 
(including device programming or simulation files), and any 
associated documentation or information are expressly subject 
to the terms and conditions of the Intel Program License 
Subscription Agreement, the Intel Quartus Prime License Agreement,
the Intel FPGA IP License Agreement, or other applicable license
agreement, including, without limitation, that your use is for
the sole purpose of programming logic devices manufactured by
Intel and sold by Intel or its authorized distributors.  Please
refer to the applicable agreement for further details.



+-------------------------------------------------------------------------------+
; Analysis & Synthesis Summary                                                  ;
+---------------------------------+---------------------------------------------+
; Analysis & Synthesis Status     ; Successful - Fri Apr 07 20:16:36 2023       ;
; Quartus Prime Version           ; 18.0.0 Build 614 04/24/2018 SJ Lite Edition ;
; Revision Name                   ; g44_7_segment_decoder                       ;
; Top-level Entity Name           ; g44_lab_2                                   ;
; Family                          ; Cyclone V                                   ;
; Logic utilization (in ALMs)     ; N/A                                         ;
; Total registers                 ; 70                                          ;
; Total pins                      ; 30                                          ;
; Total virtual pins              ; 0                                           ;
; Total block memory bits         ; 0                                           ;
; Total DSP Blocks                ; 4                                           ;
; Total HSSI RX PCSs              ; 0                                           ;
; Total HSSI PMA RX Deserializers ; 0                                           ;
; Total HSSI TX PCSs              ; 0                                           ;
; Total HSSI PMA TX Serializers   ; 0                                           ;
; Total PLLs                      ; 0                                           ;
; Total DLLs                      ; 0                                           ;
+---------------------------------+---------------------------------------------+


+------------------------------------------------------------------------------------------------------------------------------+
; Analysis & Synthesis Settings                                                                                                ;
+---------------------------------------------------------------------------------+--------------------+-----------------------+
; Option                                                                          ; Setting            ; Default Value         ;
+---------------------------------------------------------------------------------+--------------------+-----------------------+
; Device                                                                          ; 5CSEMA5F31C6       ;                       ;
; Top-level entity name                                                           ; g44_lab_2          ; g44_7_segment_decoder ;
; Family name                                                                     ; Cyclone V          ; Cyclone V             ;
; Use smart compilation                                                           ; Off                ; Off                   ;
; Enable parallel Assembler and Timing Analyzer during compilation                ; On                 ; On                    ;
; Enable compact report table                                                     ; Off                ; Off                   ;
; Restructure Multiplexers                                                        ; Auto               ; Auto                  ;
; MLAB Add Timing Constraints For Mixed-Port Feed-Through Mode Setting Don't Care ; Off                ; Off                   ;
; Create Debugging Nodes for IP Cores                                             ; Off                ; Off                   ;
; Preserve fewer node names                                                       ; On                 ; On                    ;
; Intel FPGA IP Evaluation Mode                                                   ; Enable             ; Enable                ;
; Verilog Version                                                                 ; Verilog_2001       ; Verilog_2001          ;
; VHDL Version                                                                    ; VHDL_1993          ; VHDL_1993             ;
; State Machine Processing                                                        ; Auto               ; Auto                  ;
; Safe State Machine                                                              ; Off                ; Off                   ;
; Extract Verilog State Machines                                                  ; On                 ; On                    ;
; Extract VHDL State Machines                                                     ; On                 ; On                    ;
; Ignore Verilog initial constructs                                               ; Off                ; Off                   ;
; Iteration limit for constant Verilog loops                                      ; 5000               ; 5000                  ;
; Iteration limit for non-constant Verilog loops                                  ; 250                ; 250                   ;
; Add Pass-Through Logic to Inferred RAMs                                         ; On                 ; On                    ;
; Infer RAMs from Raw Logic                                                       ; On                 ; On                    ;
; Parallel Synthesis                                                              ; On                 ; On                    ;
; DSP Block Balancing                                                             ; Auto               ; Auto                  ;
; NOT Gate Push-Back                                                              ; On                 ; On                    ;
; Power-Up Don't Care                                                             ; On                 ; On                    ;
; Remove Redundant Logic Cells                                                    ; Off                ; Off                   ;
; Remove Duplicate Registers                                                      ; On                 ; On                    ;
; Ignore CARRY Buffers                                                            ; Off                ; Off                   ;
; Ignore CASCADE Buffers                                                          ; Off                ; Off                   ;
; Ignore GLOBAL Buffers                                                           ; Off                ; Off                   ;
; Ignore ROW GLOBAL Buffers                                                       ; Off                ; Off                   ;
; Ignore LCELL Buffers                                                            ; Off                ; Off                   ;
; Ignore SOFT Buffers                                                             ; On                 ; On                    ;
; Limit AHDL Integers to 32 Bits                                                  ; Off                ; Off                   ;
; Optimization Technique                                                          ; Balanced           ; Balanced              ;
; Carry Chain Length                                                              ; 70                 ; 70                    ;
; Auto Carry Chains                                                               ; On                 ; On                    ;
; Auto Open-Drain Pins                                                            ; On                 ; On                    ;
; Perform WYSIWYG Primitive Resynthesis                                           ; Off                ; Off                   ;
; Auto ROM Replacement                                                            ; On                 ; On                    ;
; Auto RAM Replacement                                                            ; On                 ; On                    ;
; Auto DSP Block Replacement                                                      ; On                 ; On                    ;
; Auto Shift Register Replacement                                                 ; Auto               ; Auto                  ;
; Allow Shift Register Merging across Hierarchies                                 ; Auto               ; Auto                  ;
; Auto Clock Enable Replacement                                                   ; On                 ; On                    ;
; Strict RAM Replacement                                                          ; Off                ; Off                   ;
; Allow Synchronous Control Signals                                               ; On                 ; On                    ;
; Force Use of Synchronous Clear Signals                                          ; Off                ; Off                   ;
; Auto Resource Sharing                                                           ; Off                ; Off                   ;
; Allow Any RAM Size For Recognition                                              ; Off                ; Off                   ;
; Allow Any ROM Size For Recognition                                              ; Off                ; Off                   ;
; Allow Any Shift Register Size For Recognition                                   ; Off                ; Off                   ;
; Use LogicLock Constraints during Resource Balancing                             ; On                 ; On                    ;
; Ignore translate_off and synthesis_off directives                               ; Off                ; Off                   ;
; Timing-Driven Synthesis                                                         ; On                 ; On                    ;
; Report Parameter Settings                                                       ; On                 ; On                    ;
; Report Source Assignments                                                       ; On                 ; On                    ;
; Report Connectivity Checks                                                      ; On                 ; On                    ;
; Ignore Maximum Fan-Out Assignments                                              ; Off                ; Off                   ;
; Synchronization Register Chain Length                                           ; 3                  ; 3                     ;
; Power Optimization During Synthesis                                             ; Normal compilation ; Normal compilation    ;
; HDL message level                                                               ; Level2             ; Level2                ;
; Suppress Register Optimization Related Messages                                 ; Off                ; Off                   ;
; Number of Removed Registers Reported in Synthesis Report                        ; 5000               ; 5000                  ;
; Number of Swept Nodes Reported in Synthesis Report                              ; 5000               ; 5000                  ;
; Number of Inverted Registers Reported in Synthesis Report                       ; 100                ; 100                   ;
; Clock MUX Protection                                                            ; On                 ; On                    ;
; Auto Gated Clock Conversion                                                     ; Off                ; Off                   ;
; Block Design Naming                                                             ; Auto               ; Auto                  ;
; SDC constraint protection                                                       ; Off                ; Off                   ;
; Synthesis Effort                                                                ; Auto               ; Auto                  ;
; Shift Register Replacement - Allow Asynchronous Clear Signal                    ; On                 ; On                    ;
; Pre-Mapping Resynthesis Optimization                                            ; Off                ; Off                   ;
; Analysis & Synthesis Message Level                                              ; Medium             ; Medium                ;
; Disable Register Merging Across Hierarchies                                     ; Auto               ; Auto                  ;
; Resource Aware Inference For Block RAM                                          ; On                 ; On                    ;
; Automatic Parallel Synthesis                                                    ; On                 ; On                    ;
; Partial Reconfiguration Bitstream ID                                            ; Off                ; Off                   ;
+---------------------------------------------------------------------------------+--------------------+-----------------------+


+------------------------------------------+
; Parallel Compilation                     ;
+----------------------------+-------------+
; Processors                 ; Number      ;
+----------------------------+-------------+
; Number detected on machine ; 12          ;
; Maximum allowed            ; 12          ;
;                            ;             ;
; Average used               ; 1.00        ;
; Maximum used               ; 12          ;
;                            ;             ;
; Usage by Processor         ; % Time Used ;
;     Processor 1            ; 100.0%      ;
;     Processors 2-12        ;   0.0%      ;
+----------------------------+-------------+


+----------------------------------------------------------------------------------------------------------------------------------------------+
; Analysis & Synthesis Source Files Read                                                                                                       ;
+--------------------------------------+-----------------+------------------------+--------------------------------------------------+---------+
; File Name with User-Entered Path     ; Used in Netlist ; File Type              ; File Name with Absolute Path                     ; Library ;
+--------------------------------------+-----------------+------------------------+--------------------------------------------------+---------+
; ../../Users/HTPC/Downloads/bin2bcd.v ; yes             ; User Verilog HDL File  ; C:/Users/HTPC/Downloads/bin2bcd.v                ;         ;
; g44_ARCCOS.vhd                       ; yes             ; User VHDL File         ; C:/intelFPGA_lite/18.0/g44_ARCCOS.vhd            ;         ;
; g44_7_segment_decoder.vhd            ; yes             ; User VHDL File         ; C:/intelFPGA_lite/18.0/g44_7_segment_decoder.vhd ;         ;
; g44_lab_2.vhd                        ; yes             ; User VHDL File         ; C:/intelFPGA_lite/18.0/g44_lab_2.vhd             ;         ;
+--------------------------------------+-----------------+------------------------+--------------------------------------------------+---------+


+-----------------------------------------------------------+
; Analysis & Synthesis Resource Usage Summary               ;
+---------------------------------------------+-------------+
; Resource                                    ; Usage       ;
+---------------------------------------------+-------------+
; Estimate of Logic utilization (ALMs needed) ; 54          ;
;                                             ;             ;
; Combinational ALUT usage for logic          ; 63          ;
;     -- 7 input functions                    ; 0           ;
;     -- 6 input functions                    ; 18          ;
;     -- 5 input functions                    ; 20          ;
;     -- 4 input functions                    ; 3           ;
;     -- <=3 input functions                  ; 22          ;
;                                             ;             ;
; Dedicated logic registers                   ; 70          ;
;                                             ;             ;
; I/O pins                                    ; 30          ;
;                                             ;             ;
; Total DSP Blocks                            ; 4           ;
;                                             ;             ;
; Maximum fan-out node                        ; CLOCK~input ;
; Maximum fan-out                             ; 70          ;
; Total fan-out                               ; 519         ;
; Average fan-out                             ; 2.63        ;
+---------------------------------------------+-------------+


+---------------------------------------------------------------------------------------------------------------------------------------------------------------------------------------------------------------------------------+
; Analysis & Synthesis Resource Utilization by Entity                                                                                                                                                                             ;
+-------------------------------------+---------------------+---------------------------+-------------------+------------+------+--------------+-------------------------------------------+-----------------------+--------------+
; Compilation Hierarchy Node          ; Combinational ALUTs ; Dedicated Logic Registers ; Block Memory Bits ; DSP Blocks ; Pins ; Virtual Pins ; Full Hierarchy Name                       ; Entity Name           ; Library Name ;
+-------------------------------------+---------------------+---------------------------+-------------------+------------+------+--------------+-------------------------------------------+-----------------------+--------------+
; |g44_lab_2                          ; 63 (0)              ; 70 (0)                    ; 0                 ; 4          ; 30   ; 0            ; |g44_lab_2                                ; g44_lab_2             ; work         ;
;    |bin2bcd:conversion|             ; 17 (17)             ; 0 (0)                     ; 0                 ; 0          ; 0    ; 0            ; |g44_lab_2|bin2bcd:conversion             ; bin2bcd               ; work         ;
;    |g44_7_segment_decoder:decoder0| ; 7 (7)               ; 0 (0)                     ; 0                 ; 0          ; 0    ; 0            ; |g44_lab_2|g44_7_segment_decoder:decoder0 ; g44_7_segment_decoder ; work         ;
;    |g44_7_segment_decoder:decoder1| ; 7 (7)               ; 0 (0)                     ; 0                 ; 0          ; 0    ; 0            ; |g44_lab_2|g44_7_segment_decoder:decoder1 ; g44_7_segment_decoder ; work         ;
;    |g44_7_segment_decoder:decoder2| ; 7 (7)               ; 0 (0)                     ; 0                 ; 0          ; 0    ; 0            ; |g44_lab_2|g44_7_segment_decoder:decoder2 ; g44_7_segment_decoder ; work         ;
;    |g44_ARCCOS:arccos|              ; 25 (25)             ; 70 (70)                   ; 0                 ; 4          ; 0    ; 0            ; |g44_lab_2|g44_ARCCOS:arccos              ; g44_ARCCOS            ; work         ;
+-------------------------------------+---------------------+---------------------------+-------------------+------------+------+--------------+-------------------------------------------+-----------------------+--------------+
Note: For table entries with two numbers listed, the numbers in parentheses indicate the number of resources of the given type used by the specific entity alone. The numbers listed outside of parentheses indicate the total resources of the given type used by the specific entity and all of its sub-entities in the hierarchy.


+-----------------------------------------------+
; Analysis & Synthesis DSP Block Usage Summary  ;
+---------------------------------+-------------+
; Statistic                       ; Number Used ;
+---------------------------------+-------------+
; Independent 9x9                 ; 1           ;
; Two Independent 18x18           ; 3           ;
; Total number of DSP blocks      ; 4           ;
;                                 ;             ;
; Fixed Point Unsigned Multiplier ; 4           ;
+---------------------------------+-------------+


+--------------------------------------------------------------------------------+
; Registers Removed During Synthesis                                             ;
+---------------------------------------+----------------------------------------+
; Register name                         ; Reason for Removal                     ;
+---------------------------------------+----------------------------------------+
; g44_ARCCOS:arccos|S2[10]              ; Stuck at VCC due to stuck port data_in ;
; g44_ARCCOS:arccos|S1[7]               ; Merged with g44_ARCCOS:arccos|S1[8]    ;
; Total Number of Removed Registers = 2 ;                                        ;
+---------------------------------------+----------------------------------------+


+------------------------------------------------------+
; General Register Statistics                          ;
+----------------------------------------------+-------+
; Statistic                                    ; Value ;
+----------------------------------------------+-------+
; Total registers                              ; 70    ;
; Number of registers using Synchronous Clear  ; 0     ;
; Number of registers using Synchronous Load   ; 0     ;
; Number of registers using Asynchronous Clear ; 0     ;
; Number of registers using Asynchronous Load  ; 0     ;
; Number of registers using Clock Enable       ; 0     ;
; Number of registers using Preset             ; 0     ;
+----------------------------------------------+-------+


+---------------------------------------------------------------------------------------------------------------------------------------------------------------------+
; Multiplexer Restructuring Statistics (Restructuring Performed)                                                                                                      ;
+--------------------+-----------+---------------+----------------------+------------------------+------------+-------------------------------------------------------+
; Multiplexer Inputs ; Bus Width ; Baseline Area ; Area if Restructured ; Saving if Restructured ; Registered ; Example Multiplexer Output                            ;
+--------------------+-----------+---------------+----------------------+------------------------+------------+-------------------------------------------------------+
; 4:1                ; 2 bits    ; 4 LEs         ; 4 LEs                ; 0 LEs                  ; No         ; |g44_lab_2|g44_7_segment_decoder:decoder2|segments[5] ;
; 5:1                ; 2 bits    ; 6 LEs         ; 6 LEs                ; 0 LEs                  ; No         ; |g44_lab_2|g44_7_segment_decoder:decoder0|segments[0] ;
; 5:1                ; 2 bits    ; 6 LEs         ; 6 LEs                ; 0 LEs                  ; No         ; |g44_lab_2|g44_7_segment_decoder:decoder1|segments[0] ;
; 5:1                ; 2 bits    ; 6 LEs         ; 6 LEs                ; 0 LEs                  ; No         ; |g44_lab_2|g44_7_segment_decoder:decoder2|segments[2] ;
; 6:1                ; 2 bits    ; 8 LEs         ; 8 LEs                ; 0 LEs                  ; No         ; |g44_lab_2|g44_7_segment_decoder:decoder0|segments[4] ;
; 6:1                ; 2 bits    ; 8 LEs         ; 8 LEs                ; 0 LEs                  ; No         ; |g44_lab_2|g44_7_segment_decoder:decoder1|segments[4] ;
; 6:1                ; 2 bits    ; 8 LEs         ; 8 LEs                ; 0 LEs                  ; No         ; |g44_lab_2|g44_7_segment_decoder:decoder2|segments[4] ;
+--------------------+-----------+---------------+----------------------+------------------------+------------+-------------------------------------------------------+


+-----------------------------------------------------------------+
; Parameter Settings for User Entity Instance: bin2bcd:conversion ;
+----------------+-------+----------------------------------------+
; Parameter Name ; Value ; Type                                   ;
+----------------+-------+----------------------------------------+
; W              ; 10    ; Signed Integer                         ;
+----------------+-------+----------------------------------------+
Note: In order to hide this table in the UI and the text report file, please set the "Show Parameter Settings in Synthesis Report" option in "Analysis and Synthesis Settings -> More Settings" to "Off".


+------------------------------------------------------------------------------------------------------------------+
; Port Connectivity Checks: "g44_7_segment_decoder:decoder0"                                                       ;
+--------+--------+----------+-------------------------------------------------------------------------------------+
; Port   ; Type   ; Severity ; Details                                                                             ;
+--------+--------+----------+-------------------------------------------------------------------------------------+
; rb_in  ; Input  ; Info     ; Stuck at GND                                                                        ;
; rb_out ; Output ; Info     ; Connected to dangling logic. Logic that only feeds a dangling port will be removed. ;
+--------+--------+----------+-------------------------------------------------------------------------------------+


+------------------------------------------------------------------------------------------------------------------+
; Port Connectivity Checks: "g44_7_segment_decoder:decoder1"                                                       ;
+--------+--------+----------+-------------------------------------------------------------------------------------+
; Port   ; Type   ; Severity ; Details                                                                             ;
+--------+--------+----------+-------------------------------------------------------------------------------------+
; rb_out ; Output ; Info     ; Connected to dangling logic. Logic that only feeds a dangling port will be removed. ;
+--------+--------+----------+-------------------------------------------------------------------------------------+


+------------------------------------------------------------+
; Port Connectivity Checks: "g44_7_segment_decoder:decoder2" ;
+-------+-------+----------+---------------------------------+
; Port  ; Type  ; Severity ; Details                         ;
+-------+-------+----------+---------------------------------+
; rb_in ; Input ; Info     ; Stuck at VCC                    ;
+-------+-------+----------+---------------------------------+


+-------------------------------------------------------------------------------------------------------------------+
; Port Connectivity Checks: "bin2bcd:conversion"                                                                    ;
+---------+--------+----------+-------------------------------------------------------------------------------------+
; Port    ; Type   ; Severity ; Details                                                                             ;
+---------+--------+----------+-------------------------------------------------------------------------------------+
; bcd[12] ; Output ; Info     ; Connected to dangling logic. Logic that only feeds a dangling port will be removed. ;
+---------+--------+----------+-------------------------------------------------------------------------------------+


+-----------------------------------------------------+
; Post-Synthesis Netlist Statistics for Top Partition ;
+-----------------------+-----------------------------+
; Type                  ; Count                       ;
+-----------------------+-----------------------------+
; arriav_ff             ; 70                          ;
;     plain             ; 70                          ;
; arriav_lcell_comb     ; 63                          ;
;     arith             ; 17                          ;
;         0 data inputs ; 1                           ;
;         1 data inputs ; 15                          ;
;         2 data inputs ; 1                           ;
;     normal            ; 46                          ;
;         1 data inputs ; 2                           ;
;         2 data inputs ; 1                           ;
;         3 data inputs ; 2                           ;
;         4 data inputs ; 3                           ;
;         5 data inputs ; 20                          ;
;         6 data inputs ; 18                          ;
; arriav_mac            ; 4                           ;
; boundary_port         ; 30                          ;
;                       ;                             ;
; Max LUT depth         ; 4.00                        ;
; Average LUT depth     ; 1.24                        ;
+-----------------------+-----------------------------+


+-------------------------------+
; Elapsed Time Per Partition    ;
+----------------+--------------+
; Partition Name ; Elapsed Time ;
+----------------+--------------+
; Top            ; 00:00:02     ;
+----------------+--------------+


+-------------------------------+
; Analysis & Synthesis Messages ;
+-------------------------------+
Info: *******************************************************************
Info: Running Quartus Prime Analysis & Synthesis
    Info: Version 18.0.0 Build 614 04/24/2018 SJ Lite Edition
    Info: Processing started: Fri Apr 07 20:16:26 2023
Info: Command: quartus_map --read_settings_files=on --write_settings_files=off g44_7_segment_decoder -c g44_7_segment_decoder
Warning (18236): Number of processors has not been specified which may cause overloading on shared machines.  Set the global assignment NUM_PARALLEL_PROCESSORS in your QSF to an appropriate value for best performance.
Info (20030): Parallel compilation is enabled and will use 12 of the 12 processors detected
Info (12021): Found 1 design units, including 1 entities, in source file /users/htpc/downloads/bin2bcd.v
    Info (12023): Found entity 1: bin2bcd File: C:/Users/HTPC/Downloads/bin2bcd.v Line: 5
Info (12021): Found 2 design units, including 1 entities, in source file g44_arccos.vhd
    Info (12022): Found design unit 1: g44_ARCCOS-arch File: C:/intelFPGA_lite/18.0/g44_ARCCOS.vhd Line: 16
    Info (12023): Found entity 1: g44_ARCCOS File: C:/intelFPGA_lite/18.0/g44_ARCCOS.vhd Line: 10
Info (12021): Found 2 design units, including 1 entities, in source file g44_7_segment_decoder.vhd
    Info (12022): Found design unit 1: g44_7_segment_decoder-a File: C:/intelFPGA_lite/18.0/g44_7_segment_decoder.vhd Line: 17
    Info (12023): Found entity 1: g44_7_segment_decoder File: C:/intelFPGA_lite/18.0/g44_7_segment_decoder.vhd Line: 10
Info (12021): Found 2 design units, including 1 entities, in source file g44_lab_2.vhd
    Info (12022): Found design unit 1: g44_lab_2-wrapper File: C:/intelFPGA_lite/18.0/g44_lab_2.vhd Line: 18
    Info (12023): Found entity 1: g44_lab_2 File: C:/intelFPGA_lite/18.0/g44_lab_2.vhd Line: 10
Info (12021): Found 2 design units, including 1 entities, in source file /users/htpc/appdata/local/temp/rar$dra16740.25699/vhdl5_qin_xuan_xu/seven_segment_decoder.vhd
    Info (12022): Found design unit 1: seven_segment_decoder-decoder File: C:/Users/HTPC/AppData/Local/Temp/Rar$DRa16740.25699/vhdl5_qin_xuan_xu/seven_segment_decoder.vhd Line: 10
    Info (12023): Found entity 1: seven_segment_decoder File: C:/Users/HTPC/AppData/Local/Temp/Rar$DRa16740.25699/vhdl5_qin_xuan_xu/seven_segment_decoder.vhd Line: 5
Info (12127): Elaborating entity "g44_lab_2" for the top level hierarchy
Warning (10036): Verilog HDL or VHDL warning at g44_lab_2.vhd(53): object "rippleBlanking0" assigned a value but never read File: C:/intelFPGA_lite/18.0/g44_lab_2.vhd Line: 53
Warning (10036): Verilog HDL or VHDL warning at g44_lab_2.vhd(54): object "rippleBlanking" assigned a value but never read File: C:/intelFPGA_lite/18.0/g44_lab_2.vhd Line: 54
Info (12128): Elaborating entity "g44_ARCCOS" for hierarchy "g44_ARCCOS:arccos" File: C:/intelFPGA_lite/18.0/g44_lab_2.vhd Line: 58
Info (12128): Elaborating entity "bin2bcd" for hierarchy "bin2bcd:conversion" File: C:/intelFPGA_lite/18.0/g44_lab_2.vhd Line: 59
Info (12128): Elaborating entity "g44_7_segment_decoder" for hierarchy "g44_7_segment_decoder:decoder2" File: C:/intelFPGA_lite/18.0/g44_lab_2.vhd Line: 63
Warning (10631): VHDL Process Statement warning at g44_7_segment_decoder.vhd(31): inferring latch(es) for signal or variable "RB_Out", which holds its previous value in one or more paths through the process File: C:/intelFPGA_lite/18.0/g44_7_segment_decoder.vhd Line: 31
Info (10041): Inferred latch for "RB_Out" at g44_7_segment_decoder.vhd(31) File: C:/intelFPGA_lite/18.0/g44_7_segment_decoder.vhd Line: 31
Info (286030): Timing-Driven Synthesis is running
Info (16010): Generating hard_block partition "hard_block:auto_generated_inst"
    Info (16011): Adding 0 node(s), including 0 DDIO, 0 PLL, 0 transceiver and 0 LCELL
Info (21057): Implemented 143 device resources after synthesis - the final resource count might be different
    Info (21058): Implemented 9 input pins
    Info (21059): Implemented 21 output pins
    Info (21061): Implemented 109 logic cells
    Info (21062): Implemented 4 DSP elements
Info: Quartus Prime Analysis & Synthesis was successful. 0 errors, 4 warnings
    Info: Peak virtual memory: 4909 megabytes
    Info: Processing ended: Fri Apr 07 20:16:36 2023
    Info: Elapsed time: 00:00:10
    Info: Total CPU time (on all processors): 00:00:19


